This is XeTeX, Version 3.1415926-2.2-0.9995.2 (TeX Live 2009/Debian) (format=xelatex 2014.4.3)  12 MAY 2014 02:16
entering extended mode
 %&-line parsing enabled.
**2-04_domainrule.tex
(./2-04_domainrule.tex
LaTeX2e <2009/09/24>
Babel <v3.8l> and hyphenation patterns for english, usenglishmax, dumylang, noh
yphenation, loaded.
(/usr/share/texmf-texlive/tex/latex/base/article.cls
Document Class: article 2007/10/19 v1.4h Standard LaTeX document class
(/usr/share/texmf-texlive/tex/latex/base/size11.clo
File: size11.clo 2007/10/19 v1.4h Standard LaTeX file (size option)
)
\c@part=\count80
\c@section=\count81
\c@subsection=\count82
\c@subsubsection=\count83
\c@paragraph=\count84
\c@subparagraph=\count85
\c@figure=\count86
\c@table=\count87
\abovecaptionskip=\skip41
\belowcaptionskip=\skip42
\bibindent=\dimen102
)
(/usr/share/texmf-texlive/tex/latex/booktabs/booktabs.sty
Package: booktabs 2005/04/14 v1.61803 publication quality tables
\heavyrulewidth=\dimen103
\lightrulewidth=\dimen104
\cmidrulewidth=\dimen105
\belowrulesep=\dimen106
\belowbottomsep=\dimen107
\aboverulesep=\dimen108
\abovetopsep=\dimen109
\cmidrulesep=\dimen110
\cmidrulekern=\dimen111
\defaultaddspace=\dimen112
\@cmidla=\count88
\@cmidlb=\count89
\@aboverulesep=\dimen113
\@belowrulesep=\dimen114
\@thisruleclass=\count90
\@lastruleclass=\count91
\@thisrulewidth=\dimen115
)
(/home/evan/texmf/tex/zhfontcfg/zhfontcfg.sty
(/usr/share/texmf-texlive/tex/xelatex/fontspec/fontspec.sty
Package: fontspec 2008/08/09 v1.18 Advanced font selection for XeLaTeX

(/usr/share/texmf-texlive/tex/generic/ifxetex/ifxetex.sty
Package: ifxetex 2009/01/23 v0.5 Provides ifxetex conditional
)
\c@zf@newff=\count92
\c@zf@index=\count93
\c@zf@script=\count94
\c@zf@language=\count95

(/usr/share/texmf-texlive/tex/latex/tools/calc.sty
Package: calc 2007/08/22 v4.3 Infix arithmetic (KKT,FJ)
\calc@Acount=\count96
\calc@Bcount=\count97
\calc@Adimen=\dimen116
\calc@Bdimen=\dimen117
\calc@Askip=\skip43
\calc@Bskip=\skip44
LaTeX Info: Redefining \setlength on input line 76.
LaTeX Info: Redefining \addtolength on input line 77.
\calc@Ccount=\count98
\calc@Cskip=\skip45
)
(/usr/share/texmf-texlive/tex/latex/xkeyval/xkeyval.sty
Package: xkeyval 2008/08/13 v2.6a package option processing (HA)

(/usr/share/texmf-texlive/tex/generic/xkeyval/xkeyval.tex
\XKV@toks=\toks14
\XKV@tempa@toks=\toks15
\XKV@depth=\count99
File: xkeyval.tex 2008/08/13 v2.6a key=value parser (HA)

(/usr/share/texmf-texlive/tex/generic/xkeyval/keyval.tex)))
LaTeX Info: Redefining \itshape on input line 1163.
LaTeX Info: Redefining \slshape on input line 1166.
LaTeX Info: Redefining \scshape on input line 1169.
LaTeX Info: Redefining \upshape on input line 1172.

fontspec.cfg loaded.
(/usr/share/texmf-texlive/tex/xelatex/fontspec/fontspec.cfg))
(/usr/share/texmf-texlive/tex/xelatex/xunicode/xunicode.sty
File: xunicode.sty 2008/02/08 v0.91 provides access to latin accents and many o
ther characters in Unicode lower plane
)
(/usr/share/texmf-texlive/tex/xelatex/xltxtra/xltxtra.sty
Package: xltxtra 2009/09/02 v0.5 Improvements for the "XeLaTeX" format

(/usr/share/texmf-texlive/tex/latex/metalogo/metalogo.sty
Package: metalogo 2009/09/04 v0.11 Extended TeX logo macros

(/usr/share/texmf-texlive/tex/latex/graphics/graphicx.sty
Package: graphicx 1999/02/16 v1.0f Enhanced LaTeX Graphics (DPC,SPQR)

(/usr/share/texmf-texlive/tex/latex/graphics/graphics.sty
Package: graphics 2009/02/05 v1.0o Standard LaTeX Graphics (DPC,SPQR)

(/usr/share/texmf-texlive/tex/latex/graphics/trig.sty
Package: trig 1999/03/16 v1.09 sin cos tan (DPC)
)
(/etc/texmf/tex/latex/config/graphics.cfg
File: graphics.cfg 2009/08/28 v1.8 graphics configuration of TeX Live
)
Package graphics Info: Driver file: xetex.def on input line 91.

(/usr/share/texmf-texlive/tex/xelatex/xetex-def/xetex.def
File: xetex.def 2009/11/22 v0.94 LaTeX color/graphics driver for XeTeX (RRM/JK)

))
\Gin@req@height=\dimen118
\Gin@req@width=\dimen119
)
\xl@everylogo=\toks16
\xl@@everylogo=\toks17
LaTeX Info: Redefining \TeX on input line 193.
LaTeX Info: Redefining \LaTeX on input line 202.
LaTeX Info: Redefining \LaTeXe on input line 219.
)
(/usr/share/texmf-texlive/tex/latex/etex-pkg/etex.sty
Package: etex 1998/03/26 v2.0 eTeX basic definition package (PEB)
\et@xins=\count100
)
(/usr/share/texmf-texlive/tex/latex/base/fixltx2e.sty
Package: fixltx2e 2006/09/13 v1.1m fixes to LaTeX
LaTeX Info: Redefining \em on input line 420.
)
LaTeX Info: Redefining \em on input line 72.
LaTeX Info: Redefining \emph on input line 81.
LaTeX Info: Redefining \- on input line 86.
LaTeX Info: Redefining \textsubscript on input line 105.
LaTeX Info: Redefining \textsuperscript on input line 107.
\xxt@tempbox=\box26
)
(/usr/share/texmf-texlive/tex/xelatex/xecjk/xeCJK.sty
Package: xeCJK 2009/09/30 2.3.10
\xeCJK@cnta=\count101
\xeCJK@cntb=\count102
\xeCJK@cntc=\count103
\xeCJK@cntd=\count104
\xeCJK@cnte=\count105
\xeCJK@dima=\dimen120
LaTeX Info: Redefining \rmfamily on input line 762.
LaTeX Info: Redefining \sffamily on input line 766.
LaTeX Info: Redefining \ttfamily on input line 770.
\xeCJK@featureadded=\count106
)
\c@zf@famc@WenQuanYi Micro Hei Mono=\count107
Package fontspec Info: Defining font family for 'WenQuanYi Micro Hei Mono'with 
options [Mapping=tex-text,] on input line 40.
Package fontspec Info: Could not resolve font WenQuanYi Micro Hei Mono/B (it mi
ght not exist) on input line 40.
Package fontspec Info: Could not resolve font WenQuanYi Micro Hei Mono/I (it mi
ght not exist) on input line 40.
Package fontspec Info: Could not resolve font WenQuanYi Micro Hei Mono/BI (it m
ight not exist) on input line 40.
\c@zf@famc@Adobe Kaiti Std=\count108
Package fontspec Info: Defining font family for 'Adobe Kaiti Std'with options [
Mapping=tex-text,] on input line 43.
Package fontspec Info: Could not resolve font Adobe Kaiti Std/B (it might not e
xist) on input line 43.
Package fontspec Info: Could not resolve font Adobe Kaiti Std/I (it might not e
xist) on input line 43.
Package fontspec Info: Could not resolve font Adobe Kaiti Std/BI (it might not 
exist) on input line 43.
\c@zf@famc@Adobe Heiti Std=\count109
Package fontspec Info: Defining font family for 'Adobe Heiti Std'with options [
Mapping=tex-text,] on input line 46.
Package fontspec Info: Could not resolve font Adobe Heiti Std/B (it might not e
xist) on input line 46.
Package fontspec Info: Could not resolve font Adobe Heiti Std/I (it might not e
xist) on input line 46.
Package fontspec Info: Could not resolve font Adobe Heiti Std/BI (it might not 
exist) on input line 46.
\c@zf@famc@Microsoft YaHei=\count110
Package fontspec Info: Defining font family for 'Microsoft YaHei'with options [
Mapping=tex-text,] on input line 49.
Package fontspec Info: Could not resolve font Microsoft YaHei/I (it might not e
xist) on input line 49.
\c@zf@famc@Adobe Song Std=\count111
Package fontspec Info: Defining font family for 'Adobe Song Std'with options [M
apping=tex-text,] on input line 52.
Package fontspec Info: Could not resolve font Adobe Song Std/B (it might not ex
ist) on input line 52.
Package fontspec Info: Could not resolve font Adobe Song Std/I (it might not ex
ist) on input line 52.
Package fontspec Info: Could not resolve font Adobe Song Std/BI (it might not e
xist) on input line 52.
\c@zf@famc@Adobe Fangsong Std=\count112
Package fontspec Info: Defining font family for 'Adobe Fangsong Std'with option
s [Mapping=tex-text,] on input line 55.
Package fontspec Info: Could not resolve font Adobe Fangsong Std/B (it might no
t exist) on input line 55.
Package fontspec Info: Could not resolve font Adobe Fangsong Std/I (it might no
t exist) on input line 55.
Package fontspec Info: Could not resolve font Adobe Fangsong Std/BI (it might n
ot exist) on input line 55.
\c@zf@famc@LiSu=\count113
Package fontspec Info: Defining font family for 'LiSu'with options [Mapping=tex
-text,] on input line 58.
Package fontspec Info: Could not resolve font LiSu/B (it might not exist) on in
put line 58.
Package fontspec Info: Could not resolve font LiSu/I (it might not exist) on in
put line 58.
Package fontspec Info: Could not resolve font LiSu/BI (it might not exist) on i
nput line 58.
\c@zf@famc@Times New Roman=\count114
Package fontspec Info: Defining font family for 'Times New Roman'with options [
Mapping=tex-text,] on input line 62.
\c@zf@famc@Lucida Console=\count115
Package fontspec Info: Defining font family for 'Lucida Console'with options [M
apping=tex-text,] on input line 65.
Package fontspec Info: Could not resolve font Lucida Console/B (it might not ex
ist) on input line 65.
Package fontspec Info: Could not resolve font Lucida Console/I (it might not ex
ist) on input line 65.
Package fontspec Info: Could not resolve font Lucida Console/BI (it might not e
xist) on input line 65.
\c@zf@famc@Courier New=\count116
Package fontspec Info: Defining font family for 'Courier New'with options [Mapp
ing=tex-text,] on input line 68.
\c@zf@famc@Meiryo UI=\count117
Package fontspec Info: Defining font family for 'Meiryo UI'with options [Mappin
g=tex-text,] on input line 71.
\c@zf@famc@Consolas=\count118
Package fontspec Info: Defining font family for 'Consolas'with options [Mapping
=tex-text,] on input line 74.
Package fontspec Info: Defining font family for 'Adobe Song Std'with options [M
apping=tex-text,BoldFont=Adobe Heiti Std] on input line 99.
Package fontspec Info: Could not resolve font Adobe Song Std/I (it might not ex
ist) on input line 99.
Package fontspec Info: Could not resolve font Adobe Heiti Std/I (it might not e
xist) on input line 99.
LaTeX Info: Redefining \xeCJK@font@rm on input line 99.
Package fontspec Info: Defining font family for 'Adobe Kaiti Std'with options [
Mapping=tex-text,BoldFont=Adobe Heiti Std] on input line 100.
Package fontspec Info: Could not resolve font Adobe Kaiti Std/I (it might not e
xist) on input line 100.
Package fontspec Info: Could not resolve font Adobe Heiti Std/I (it might not e
xist) on input line 100.
\c@zf@famc@DejaVu Sans Mono=\count119
Package fontspec Info: Defining font family for 'DejaVu Sans Mono'with options 
[Mapping=tex-text,] on input line 101.
)
(/usr/share/texmf-texlive/tex/latex/multirow/multirow.sty
\bigstrutjot=\dimen121
)
(/usr/share/texmf-texlive/tex/latex/geometry/geometry.sty
Package: geometry 2008/12/21 v4.2 Page Geometry

(/home/evan/texmf/tex/generic/oberdiek/ifpdf.sty
Package: ifpdf 2011/01/30 v2.3 Provides the ifpdf switch (HO)
Package ifpdf Info: pdfTeX in PDF mode is not detected.
)
(/home/evan/texmf/tex/generic/oberdiek/ifvtex.sty
Package: ifvtex 2010/03/01 v1.5 Detect VTeX and its facilities (HO)
Package ifvtex Info: VTeX not detected.
)
\Gm@cnth=\count120
\Gm@cntv=\count121
\c@Gm@tempcnt=\count122
\Gm@bindingoffset=\dimen122
\Gm@wd@mp=\dimen123
\Gm@odd@mp=\dimen124
\Gm@even@mp=\dimen125
\Gm@dimlist=\toks18

(/usr/share/texmf-texlive/tex/xelatex/xetexconfig/geometry.cfg))
(./2-04_domainrule.aux)
\openout1 = `2-04_domainrule.aux'.

LaTeX Font Info:    Checking defaults for OML/cmm/m/it on input line 12.
LaTeX Font Info:    ... okay on input line 12.
LaTeX Font Info:    Checking defaults for T1/cmr/m/n on input line 12.
LaTeX Font Info:    ... okay on input line 12.
LaTeX Font Info:    Checking defaults for OT1/cmr/m/n on input line 12.
LaTeX Font Info:    ... okay on input line 12.
LaTeX Font Info:    Checking defaults for OMS/cmsy/m/n on input line 12.
LaTeX Font Info:    ... okay on input line 12.
LaTeX Font Info:    Checking defaults for OMX/cmex/m/n on input line 12.
LaTeX Font Info:    ... okay on input line 12.
LaTeX Font Info:    Checking defaults for U/cmr/m/n on input line 12.
LaTeX Font Info:    ... okay on input line 12.
Package fontspec Info: Adjusting the maths setup (use [no-math] to avoid this).
 on input line 12.
\symlegacymaths=\mathgroup4
LaTeX Font Info:    Overwriting symbol font `legacymaths' in version `bold'
(Font)                  OT1/cmr/m/n --> OT1/cmr/bx/n on input line 12.
LaTeX Font Info:    Redeclaring math accent \acute on input line 12.
LaTeX Font Info:    Redeclaring math accent \grave on input line 12.
LaTeX Font Info:    Redeclaring math accent \ddot on input line 12.
LaTeX Font Info:    Redeclaring math accent \tilde on input line 12.
LaTeX Font Info:    Redeclaring math accent \bar on input line 12.
LaTeX Font Info:    Redeclaring math accent \breve on input line 12.
LaTeX Font Info:    Redeclaring math accent \check on input line 12.
LaTeX Font Info:    Redeclaring math accent \hat on input line 12.
LaTeX Font Info:    Redeclaring math accent \dot on input line 12.
LaTeX Font Info:    Redeclaring math accent \mathring on input line 12.
LaTeX Font Info:    Redeclaring math symbol \colon on input line 12.
LaTeX Font Info:    Redeclaring math symbol \Gamma on input line 12.
LaTeX Font Info:    Redeclaring math symbol \Delta on input line 12.
LaTeX Font Info:    Redeclaring math symbol \Theta on input line 12.
LaTeX Font Info:    Redeclaring math symbol \Lambda on input line 12.
LaTeX Font Info:    Redeclaring math symbol \Xi on input line 12.
LaTeX Font Info:    Redeclaring math symbol \Pi on input line 12.
LaTeX Font Info:    Redeclaring math symbol \Sigma on input line 12.
LaTeX Font Info:    Redeclaring math symbol \Upsilon on input line 12.
LaTeX Font Info:    Redeclaring math symbol \Phi on input line 12.
LaTeX Font Info:    Redeclaring math symbol \Psi on input line 12.
LaTeX Font Info:    Redeclaring math symbol \Omega on input line 12.
LaTeX Font Info:    Redeclaring math symbol \mathdollar on input line 12.
LaTeX Font Info:    Redeclaring symbol font `operators' on input line 12.
LaTeX Font Info:    Encoding `OT1' has changed to `U' for symbol font
(Font)              `operators' in the math version `normal' on input line 12.
LaTeX Font Info:    Overwriting symbol font `operators' in version `normal'
(Font)                  OT1/cmr/m/n --> U/cmr/m/n on input line 12.
LaTeX Font Info:    Encoding `OT1' has changed to `U' for symbol font
(Font)              `operators' in the math version `bold' on input line 12.
LaTeX Font Info:    Overwriting symbol font `operators' in version `bold'
(Font)                  OT1/cmr/bx/n --> U/cmr/m/n on input line 12.
LaTeX Font Info:    Overwriting symbol font `operators' in version `normal'
(Font)                  U/cmr/m/n --> U/cmr/m/n on input line 12.
LaTeX Font Info:    Overwriting math alphabet `\mathrm' in version `normal'
(Font)                  U/cmr/m/n --> U/cmr/m/n on input line 12.
LaTeX Font Info:    Overwriting math alphabet `\mathit' in version `normal'
(Font)                  OT1/cmr/m/it --> U/cmr/m/it on input line 12.
LaTeX Font Info:    Overwriting math alphabet `\mathbf' in version `normal'
(Font)                  OT1/cmr/bx/n --> U/cmr/bx/n on input line 12.
LaTeX Font Info:    Overwriting math alphabet `\mathsf' in version `normal'
(Font)                  OT1/cmss/m/n --> U/cmss/m/n on input line 12.
LaTeX Font Info:    Overwriting math alphabet `\mathtt' in version `normal'
(Font)                  OT1/cmtt/m/n --> U/cmtt/m/n on input line 12.
LaTeX Font Info:    Overwriting symbol font `operators' in version `bold'
(Font)                  U/cmr/m/n --> U/cmr/bx/n on input line 12.
LaTeX Font Info:    Overwriting math alphabet `\mathrm' in version `bold'
(Font)                  U/cmr/m/n --> U/cmr/bx/n on input line 12.
LaTeX Font Info:    Overwriting math alphabet `\mathit' in version `bold'
(Font)                  OT1/cmr/bx/it --> U/cmr/bx/it on input line 12.
LaTeX Font Info:    Overwriting math alphabet `\mathsf' in version `bold'
(Font)                  OT1/cmss/bx/n --> U/cmss/bx/n on input line 12.
LaTeX Font Info:    Overwriting math alphabet `\mathtt' in version `bold'
(Font)                  OT1/cmtt/m/n --> U/cmtt/bx/n on input line 12.

*geometry detected driver: pdftex*
-------------------- Geometry parameters
paper: a4paper
landscape: --
twocolumn: --
twoside: --
asymmetric: --
h-parts: 72.26999pt, 452.9679pt, 72.26999pt
v-parts: 72.26999pt, 700.50687pt, 72.26999pt
hmarginratio: --
vmarginratio: --
lines: --
heightrounded: --
bindingoffset: 0.0pt
truedimen: --
includehead: --
includefoot: --
includemp: --
driver: pdftex
-------------------- Page layout dimensions and switches
\paperwidth  597.50787pt
\paperheight 845.04684pt
\textwidth  452.9679pt
\textheight 700.50687pt
\oddsidemargin  0.0pt
\evensidemargin 0.0pt
\topmargin  -37.0pt
\headheight 12.0pt
\headsep    25.0pt
\footskip   30.0pt
\marginparwidth 50.0pt
\marginparsep   10.0pt
\columnsep  10.0pt
\skip\footins  10.0pt plus 4.0pt minus 2.0pt
\hoffset 0.0pt
\voffset 0.0pt
\mag 1000

(1in=72.27pt, 1cm=28.45pt)
-----------------------
LaTeX Font Info:    External font `cmex10' loaded for size
(Font)              <12> on input line 14.
LaTeX Font Info:    External font `cmex10' loaded for size
(Font)              <8> on input line 14.
LaTeX Font Info:    External font `cmex10' loaded for size
(Font)              <6> on input line 14.
LaTeX Font Info:    External font `cmex10' loaded for size
(Font)              <10.95> on input line 20.

Underfull \hbox (badness 10000) in alignment at lines 20--34
[][][][]
 []


Overfull \hbox (2.70042pt too wide) in alignment at lines 43--61
[][][][]
 []

[1

] (./2-04_domainrule.aux) ) 
Here is how much of TeX's memory you used:
 5868 strings out of 495724
 95028 string characters out of 1189347
 174749 words of memory out of 3000000
 8873 multiletter control sequences out of 15000+50000
 8564 words of font info for 75 fonts, out of 3000000 for 9000
 28 hyphenation exceptions out of 8191
 47i,10n,68p,337b,234s stack positions out of 5000i,500n,10000p,200000b,50000s

Output written on 2-04_domainrule.pdf (1 page).
